{"level":"info","message":"Connected to database","service":"sportmonks api","timestamp":"2025-04-10T02:26:12.023Z"}
{"level":"info","message":"Found existing data (2 leagues), skipping initialization","service":"sportmonks api","timestamp":"2025-04-10T02:26:12.065Z"}
{"level":"info","message":"Scheduled jobs have been setup","service":"sportmonks api","timestamp":"2025-04-10T02:26:12.075Z"}
{"level":"info","message":"Connected to database","service":"sportmonks api","timestamp":"2025-04-10T02:27:50.930Z"}
{"level":"info","message":"Found existing data (2 leagues), skipping initialization","service":"sportmonks api","timestamp":"2025-04-10T02:27:50.979Z"}
{"level":"info","message":"Scheduled jobs have been setup","service":"sportmonks api","timestamp":"2025-04-10T02:27:50.990Z"}
{"level":"info","message":"Connected to database","service":"sportmonks api","timestamp":"2025-04-10T02:27:54.170Z"}
{"level":"info","message":"Found existing data (2 leagues), skipping initialization","service":"sportmonks api","timestamp":"2025-04-10T02:27:54.216Z"}
{"level":"info","message":"Scheduled jobs have been setup","service":"sportmonks api","timestamp":"2025-04-10T02:27:54.228Z"}
{"level":"info","message":"Connected to database","service":"sportmonks api","timestamp":"2025-04-10T02:27:56.547Z"}
{"level":"info","message":"Found existing data (2 leagues), skipping initialization","service":"sportmonks api","timestamp":"2025-04-10T02:27:56.584Z"}
{"level":"info","message":"Scheduled jobs have been setup","service":"sportmonks api","timestamp":"2025-04-10T02:27:56.592Z"}
{"level":"info","message":"Connected to database","service":"sportmonks api","timestamp":"2025-04-10T02:28:09.853Z"}
{"level":"info","message":"Found existing data (2 leagues), skipping initialization","service":"sportmonks api","timestamp":"2025-04-10T02:28:09.893Z"}
{"level":"info","message":"Scheduled jobs have been setup","service":"sportmonks api","timestamp":"2025-04-10T02:28:09.903Z"}
{"level":"info","message":"Connected to database","service":"sportmonks api","timestamp":"2025-04-10T02:28:22.064Z"}
{"level":"info","message":"Found existing data (2 leagues), skipping initialization","service":"sportmonks api","timestamp":"2025-04-10T02:28:22.100Z"}
{"level":"info","message":"Scheduled jobs have been setup","service":"sportmonks api","timestamp":"2025-04-10T02:28:22.108Z"}
{"level":"info","message":"Connected to database","service":"sportmonks api","timestamp":"2025-04-10T02:28:23.720Z"}
{"level":"info","message":"Found existing data (2 leagues), skipping initialization","service":"sportmonks api","timestamp":"2025-04-10T02:28:23.759Z"}
{"level":"info","message":"Scheduled jobs have been setup","service":"sportmonks api","timestamp":"2025-04-10T02:28:23.768Z"}
{"level":"info","message":"Connected to database","service":"sportmonks api","timestamp":"2025-04-10T02:30:14.851Z"}
{"level":"info","message":"Found existing data (2 leagues), skipping initialization","service":"sportmonks api","timestamp":"2025-04-10T02:30:14.932Z"}
{"level":"info","message":"Scheduled jobs have been setup","service":"sportmonks api","timestamp":"2025-04-10T02:30:14.948Z"}
{"level":"info","message":"Connected to database","service":"sportmonks api","timestamp":"2025-04-10T02:30:19.580Z"}
{"level":"info","message":"Found existing data (2 leagues), skipping initialization","service":"sportmonks api","timestamp":"2025-04-10T02:30:19.619Z"}
{"level":"info","message":"Scheduled jobs have been setup","service":"sportmonks api","timestamp":"2025-04-10T02:30:19.626Z"}
{"level":"info","message":"Connected to database","service":"sportmonks api","timestamp":"2025-04-10T02:30:24.399Z"}
{"level":"info","message":"Found existing data (2 leagues), skipping initialization","service":"sportmonks api","timestamp":"2025-04-10T02:30:24.440Z"}
{"level":"info","message":"Scheduled jobs have been setup","service":"sportmonks api","timestamp":"2025-04-10T02:30:24.450Z"}
{"level":"info","message":"Connected to database","service":"sportmonks api","timestamp":"2025-04-10T02:30:28.969Z"}
{"level":"info","message":"Found existing data (2 leagues), skipping initialization","service":"sportmonks api","timestamp":"2025-04-10T02:30:29.012Z"}
{"level":"info","message":"Scheduled jobs have been setup","service":"sportmonks api","timestamp":"2025-04-10T02:30:29.024Z"}
{"level":"info","message":"Connected to database","service":"sportmonks api","timestamp":"2025-04-10T02:30:36.449Z"}
{"level":"info","message":"Found existing data (2 leagues), skipping initialization","service":"sportmonks api","timestamp":"2025-04-10T02:30:36.498Z"}
{"level":"info","message":"Scheduled jobs have been setup","service":"sportmonks api","timestamp":"2025-04-10T02:30:36.508Z"}
{"level":"info","message":"Connected to database","service":"sportmonks api","timestamp":"2025-04-10T02:30:43.831Z"}
{"level":"info","message":"Found existing data (2 leagues), skipping initialization","service":"sportmonks api","timestamp":"2025-04-10T02:30:43.878Z"}
{"level":"info","message":"Scheduled jobs have been setup","service":"sportmonks api","timestamp":"2025-04-10T02:30:43.886Z"}
{"level":"info","message":"Connected to database","service":"sportmonks api","timestamp":"2025-04-10T02:31:02.500Z"}
{"level":"info","message":"Found existing data (2 leagues), skipping initialization","service":"sportmonks api","timestamp":"2025-04-10T02:31:02.541Z"}
{"level":"info","message":"Scheduled jobs have been setup","service":"sportmonks api","timestamp":"2025-04-10T02:31:02.551Z"}
{"level":"info","message":"Connected to database","service":"sportmonks api","timestamp":"2025-04-10T02:31:05.009Z"}
{"level":"info","message":"Found existing data (2 leagues), skipping initialization","service":"sportmonks api","timestamp":"2025-04-10T02:31:05.048Z"}
{"level":"info","message":"Scheduled jobs have been setup","service":"sportmonks api","timestamp":"2025-04-10T02:31:05.055Z"}
{"level":"info","message":"Connected to database","service":"sportmonks api","timestamp":"2025-04-10T02:31:20.026Z"}
{"level":"info","message":"Found existing data (2 leagues), skipping initialization","service":"sportmonks api","timestamp":"2025-04-10T02:31:20.082Z"}
{"level":"info","message":"Scheduled jobs have been setup","service":"sportmonks api","timestamp":"2025-04-10T02:31:20.090Z"}
{"level":"info","message":"Connected to database","service":"sportmonks api","timestamp":"2025-04-10T02:31:23.296Z"}
{"level":"info","message":"Found existing data (2 leagues), skipping initialization","service":"sportmonks api","timestamp":"2025-04-10T02:31:23.332Z"}
{"level":"info","message":"Scheduled jobs have been setup","service":"sportmonks api","timestamp":"2025-04-10T02:31:23.339Z"}
{"level":"info","message":"Connected to database","service":"sportmonks api","timestamp":"2025-04-10T02:31:32.773Z"}
{"level":"info","message":"Found existing data (2 leagues), skipping initialization","service":"sportmonks api","timestamp":"2025-04-10T02:31:32.821Z"}
{"level":"info","message":"Scheduled jobs have been setup","service":"sportmonks api","timestamp":"2025-04-10T02:31:32.828Z"}
{"level":"info","message":"Connected to database","service":"sportmonks api","timestamp":"2025-04-10T02:31:38.314Z"}
{"level":"info","message":"Found existing data (2 leagues), skipping initialization","service":"sportmonks api","timestamp":"2025-04-10T02:31:38.354Z"}
{"level":"info","message":"Scheduled jobs have been setup","service":"sportmonks api","timestamp":"2025-04-10T02:31:38.364Z"}
{"level":"info","message":"Connected to database","service":"sportmonks api","timestamp":"2025-04-10T02:31:43.178Z"}
{"level":"info","message":"Found existing data (2 leagues), skipping initialization","service":"sportmonks api","timestamp":"2025-04-10T02:31:43.216Z"}
{"level":"info","message":"Scheduled jobs have been setup","service":"sportmonks api","timestamp":"2025-04-10T02:31:43.227Z"}
{"level":"info","message":"Connected to database","service":"sportmonks api","timestamp":"2025-04-10T02:31:52.135Z"}
{"level":"info","message":"Found existing data (2 leagues), skipping initialization","service":"sportmonks api","timestamp":"2025-04-10T02:31:52.175Z"}
{"level":"info","message":"Scheduled jobs have been setup","service":"sportmonks api","timestamp":"2025-04-10T02:31:52.185Z"}
{"level":"info","message":"Connected to database","service":"sportmonks api","timestamp":"2025-04-10T02:31:53.672Z"}
{"level":"info","message":"Found existing data (2 leagues), skipping initialization","service":"sportmonks api","timestamp":"2025-04-10T02:31:53.714Z"}
{"level":"info","message":"Scheduled jobs have been setup","service":"sportmonks api","timestamp":"2025-04-10T02:31:53.723Z"}
{"level":"info","message":"Connected to database","service":"sportmonks api","timestamp":"2025-04-10T02:32:17.810Z"}
{"level":"info","message":"Found existing data (2 leagues), skipping initialization","service":"sportmonks api","timestamp":"2025-04-10T02:32:17.854Z"}
{"level":"info","message":"Scheduled jobs have been setup","service":"sportmonks api","timestamp":"2025-04-10T02:32:17.863Z"}
{"level":"info","message":"Connected to database","service":"sportmonks api","timestamp":"2025-04-10T02:32:34.105Z"}
{"level":"info","message":"Found existing data (2 leagues), skipping initialization","service":"sportmonks api","timestamp":"2025-04-10T02:32:34.146Z"}
{"level":"info","message":"Scheduled jobs have been setup","service":"sportmonks api","timestamp":"2025-04-10T02:32:34.156Z"}
{"level":"info","message":"Connected to database","service":"sportmonks api","timestamp":"2025-04-10T02:32:38.185Z"}
{"level":"info","message":"Found existing data (2 leagues), skipping initialization","service":"sportmonks api","timestamp":"2025-04-10T02:32:38.228Z"}
{"level":"info","message":"Scheduled jobs have been setup","service":"sportmonks api","timestamp":"2025-04-10T02:32:38.237Z"}
{"level":"info","message":"Server running on port 3000","service":"sportmonks api","timestamp":"2025-04-10T02:34:16.364Z"}
{"level":"info","message":"Connected to database","service":"sportmonks api","timestamp":"2025-04-10T02:34:16.427Z"}
{"level":"info","message":"Found existing data (2 leagues), skipping initialization","service":"sportmonks api","timestamp":"2025-04-10T02:34:16.485Z"}
{"level":"info","message":"Scheduled jobs have been setup","service":"sportmonks api","timestamp":"2025-04-10T02:34:16.494Z"}
{"level":"info","message":"Server running on port 3000","service":"sportmonks api","timestamp":"2025-04-10T02:34:28.571Z"}
{"level":"info","message":"Connected to database","service":"sportmonks api","timestamp":"2025-04-10T02:34:28.616Z"}
{"level":"info","message":"No existing data found, initializing database...","service":"sportmonks api","timestamp":"2025-04-10T02:34:28.659Z"}
{"level":"info","message":"Initializing complete dataset","service":"sportmonks api","timestamp":"2025-04-10T02:34:28.660Z"}
{"level":"error","message":"Error clearing database: TypeError: Cannot create property 'Symbol(level)' on string 'Database cleared'","service":"sportmonks api","timestamp":"2025-04-10T02:34:28.665Z"}
{"level":"info","message":"Server running on port 3000","service":"sportmonks api","timestamp":"2025-04-10T02:34:41.554Z"}
{"level":"info","message":"Connected to database","service":"sportmonks api","timestamp":"2025-04-10T02:34:41.588Z"}
{"level":"info","message":"No existing data found, initializing database...","service":"sportmonks api","timestamp":"2025-04-10T02:34:41.613Z"}
{"level":"info","message":"Initializing complete dataset","service":"sportmonks api","timestamp":"2025-04-10T02:34:41.613Z"}
{"level":"info","message":"Database cleared","service":"sportmonks api","timestamp":"2025-04-10T02:34:41.619Z"}
{"level":"info","message":"Server running on port 3000","service":"sportmonks api","timestamp":"2025-04-10T02:34:55.912Z"}
{"level":"info","message":"Connected to database","service":"sportmonks api","timestamp":"2025-04-10T02:34:55.945Z"}
{"level":"info","message":"Found existing data (1 leagues), skipping initialization","service":"sportmonks api","timestamp":"2025-04-10T02:34:55.987Z"}
{"level":"info","message":"Scheduled jobs have been setup","service":"sportmonks api","timestamp":"2025-04-10T02:34:55.994Z"}
{"level":"info","message":"Server running on port 3000","service":"sportmonks api","timestamp":"2025-04-10T02:35:05.272Z"}
{"level":"info","message":"Connected to database","service":"sportmonks api","timestamp":"2025-04-10T02:35:05.301Z"}
{"level":"info","message":"Found existing data (1 leagues), skipping initialization","service":"sportmonks api","timestamp":"2025-04-10T02:35:05.332Z"}
{"level":"info","message":"Scheduled jobs have been setup","service":"sportmonks api","timestamp":"2025-04-10T02:35:05.341Z"}
{"level":"info","message":"Server running on port 3000","service":"sportmonks api","timestamp":"2025-04-10T02:35:07.821Z"}
{"level":"info","message":"Connected to database","service":"sportmonks api","timestamp":"2025-04-10T02:35:07.869Z"}
{"level":"info","message":"Database cleared","service":"sportmonks api","timestamp":"2025-04-10T02:35:07.900Z"}
{"level":"info","message":"No existing data found, initializing database...","service":"sportmonks api","timestamp":"2025-04-10T02:35:07.906Z"}
{"level":"info","message":"Initializing complete dataset","service":"sportmonks api","timestamp":"2025-04-10T02:35:07.906Z"}
{"level":"info","message":"Server running on port 3000","service":"sportmonks api","timestamp":"2025-04-10T02:35:24.710Z"}
{"level":"info","message":"Connected to database","service":"sportmonks api","timestamp":"2025-04-10T02:35:24.744Z"}
{"level":"info","message":"Found existing data (1 leagues), skipping initialization","service":"sportmonks api","timestamp":"2025-04-10T02:35:24.777Z"}
{"level":"info","message":"Scheduled jobs have been setup","service":"sportmonks api","timestamp":"2025-04-10T02:35:24.784Z"}
{"level":"info","message":"Server running on port 3000","service":"sportmonks api","timestamp":"2025-04-10T02:35:55.972Z"}
{"level":"info","message":"Connected to database","service":"sportmonks api","timestamp":"2025-04-10T02:35:56.009Z"}
{"level":"info","message":"Found existing data (1 leagues), skipping initialization","service":"sportmonks api","timestamp":"2025-04-10T02:35:56.044Z"}
{"level":"info","message":"Scheduled jobs have been setup","service":"sportmonks api","timestamp":"2025-04-10T02:35:56.056Z"}
{"level":"info","message":"Server running on port 3000","service":"sportmonks api","timestamp":"2025-04-10T02:35:59.453Z"}
{"level":"info","message":"Connected to database","service":"sportmonks api","timestamp":"2025-04-10T02:35:59.480Z"}
{"level":"info","message":"Found existing data (1 leagues), skipping initialization","service":"sportmonks api","timestamp":"2025-04-10T02:35:59.518Z"}
{"level":"info","message":"Scheduled jobs have been setup","service":"sportmonks api","timestamp":"2025-04-10T02:35:59.527Z"}
{"level":"info","message":"Server running on port 3000","service":"sportmonks api","timestamp":"2025-04-10T02:37:24.127Z"}
{"level":"info","message":"Connected to database","service":"sportmonks api","timestamp":"2025-04-10T02:37:24.165Z"}
{"level":"info","message":"No existing data found, initializing database...","service":"sportmonks api","timestamp":"2025-04-10T02:37:24.191Z"}
{"level":"info","message":"Initializing complete dataset","service":"sportmonks api","timestamp":"2025-04-10T02:37:24.192Z"}
{"level":"info","message":"Server running on port 3000","service":"sportmonks api","timestamp":"2025-04-10T02:37:34.307Z"}
{"level":"info","message":"Connected to database","service":"sportmonks api","timestamp":"2025-04-10T02:37:34.340Z"}
{"level":"info","message":"Found existing data (1 leagues), skipping initialization","service":"sportmonks api","timestamp":"2025-04-10T02:37:34.376Z"}
{"level":"info","message":"Scheduled jobs have been setup","service":"sportmonks api","timestamp":"2025-04-10T02:37:34.386Z"}
